[DEBUG]  2021-03-14 00:02:08  main.go:11 main.main user server is running 
[DEBUG]  2021-03-14 00:02:09  main.go:11 main.main user server is running 
[DEBUG]  2021-03-14 00:02:10  main.go:11 main.main user server is running 
[DEBUG]  2021-03-14 00:02:11  main.go:11 main.main user server is running 
[DEBUG]  2021-03-14 00:02:12  main.go:11 main.main user server is running 
[DEBUG]  2021-03-14 00:02:13  main.go:11 main.main user server is running 
[DEBUG]  2021-03-14 00:02:14  main.go:11 main.main user server is running 
[DEBUG]  2021-03-14 00:02:15  main.go:11 main.main user server is running 
[DEBUG]  2021-03-14 00:02:16  main.go:11 main.main user server is running 
[DEBUG]  2021-03-14 00:02:17  main.go:11 main.main user server is running 
[DEBUG]  2021-03-14 00:02:18  main.go:11 main.main user server is running 
[DEBUG]  2021-03-14 00:02:19  main.go:11 main.main user server is running 
[DEBUG]  2021-03-14 00:02:20  main.go:11 main.main user server is running 
[DEBUG]  2021-03-14 00:02:21  main.go:11 main.main user server is running 
[DEBUG]  2021-03-14 00:02:22  main.go:11 main.main user server is running 
[DEBUG]  2021-03-14 00:02:23  main.go:11 main.main user server is running 
[DEBUG]  2021-03-14 00:02:24  main.go:11 main.main user server is running 
[DEBUG]  2021-03-14 00:02:25  main.go:11 main.main user server is running 
[DEBUG]  2021-03-14 00:02:26  main.go:11 main.main user server is running 
[DEBUG]  2021-03-14 00:02:27  main.go:11 main.main user server is running 
[DEBUG]  2021-03-14 00:02:28  main.go:11 main.main user server is running 
[DEBUG]  2021-03-14 00:02:29  main.go:11 main.main user server is running 
[DEBUG]  2021-03-14 00:02:30  main.go:11 main.main user server is running 
[DEBUG]  2021-03-14 00:02:31  main.go:11 main.main user server is running 
[DEBUG]  2021-03-14 00:02:32  main.go:11 main.main user server is running 
[DEBUG]  2021-03-14 00:02:33  main.go:11 main.main user server is running 
[DEBUG]  2021-03-14 00:02:34  main.go:11 main.main user server is running 
[DEBUG]  2021-03-14 00:02:35  main.go:11 main.main user server is running 
[DEBUG]  2021-03-14 00:02:36  main.go:11 main.main user server is running 
[DEBUG]  2021-03-14 00:02:37  main.go:11 main.main user server is running 
[DEBUG]  2021-03-14 00:02:38  main.go:11 main.main user server is running 
[DEBUG]  2021-03-14 00:02:39  main.go:11 main.main user server is running 
[DEBUG]  2021-03-14 00:02:40  main.go:11 main.main user server is running 
[DEBUG]  2021-03-14 00:02:41  main.go:11 main.main user server is running 
[DEBUG]  2021-03-14 00:02:42  main.go:11 main.main user server is running 
[DEBUG]  2021-03-14 00:02:43  main.go:11 main.main user server is running 
[DEBUG]  2021-03-14 00:02:44  main.go:11 main.main user server is running 
[DEBUG]  2021-03-14 00:02:45  main.go:11 main.main user server is running 
[DEBUG]  2021-03-14 00:02:46  main.go:11 main.main user server is running 
[DEBUG]  2021-03-14 00:02:47  main.go:11 main.main user server is running 
[DEBUG]  2021-03-14 00:02:48  main.go:11 main.main user server is running 
[DEBUG]  2021-03-14 00:02:49  main.go:11 main.main user server is running 
[DEBUG]  2021-03-14 00:02:50  main.go:11 main.main user server is running 
[DEBUG]  2021-03-14 00:02:51  main.go:11 main.main user server is running 
[DEBUG]  2021-03-14 00:02:52  main.go:11 main.main user server is running 
[DEBUG]  2021-03-14 00:02:53  main.go:11 main.main user server is running 
[DEBUG]  2021-03-14 00:02:54  main.go:11 main.main user server is running 
[DEBUG]  2021-03-14 00:02:55  main.go:11 main.main user server is running 
[INFO]  2021-03-14 00:15:29  testing.go:909 testing.tRunner log info 
[INFO]  2021-03-14 00:15:55  testing.go:909 testing.tRunner log info 
[ERROR]  2021-03-14 00:16:16  testing.go:909 testing.tRunner log error 
[ERROR]  2021-03-14 00:16:28  testing.go:909 testing.tRunner log error 
[DEBUG]  2021-03-14 00:21:00  testing.go:909 testing.tRunner log debug 
[INFO]  2021-03-14 00:21:00  testing.go:909 testing.tRunner log info 
[ERROR]  2021-03-14 00:21:00  testing.go:909 testing.tRunner log error 
[INFO]  2021-03-14 00:21:00  testing.go:909 testing.tRunner [hello golang] 
